Arguments: 
  /usr/local/bin/node /usr/local/Cellar/yarn/1.16.0/libexec/bin/yarn.js add jquery

PATH: 
  /usr/local/bin:/usr/bin:/bin:/usr/sbin:/sbin:/usr/local/share/dotnet:~/.dotnet/tools:/Library/Frameworks/Mono.framework/Versions/Current/Commands:/Applications/Xamarin Workbooks.app/Contents/SharedSupport/path-bin

Yarn version: 
  1.16.0

Node version: 
  10.16.0

Platform: 
  darwin x64

Trace: 
  SyntaxError: /Users/waberjr./Documents/CadastroSimples/package.json: Unexpected token } in JSON at position 302
      at JSON.parse (<anonymous>)
      at /usr/local/Cellar/yarn/1.16.0/libexec/lib/cli.js:1625:59
      at Generator.next (<anonymous>)
      at step (/usr/local/Cellar/yarn/1.16.0/libexec/lib/cli.js:304:30)
      at /usr/local/Cellar/yarn/1.16.0/libexec/lib/cli.js:315:13

npm manifest: 
  {
    "name": "Cadastro",
    "version": "1.0.0",
    "main": "main.js",
    "scripts": {
      "start": "electron main.js",
      "test": "echo \"Error: no test specified\" && exit 1"
    },
    "keywords": [],
    "author": "",
    "license": "ISC",
    "description": "",
    "dependencies": {
      "electron": "^6.0.12",
    }
  }

yarn manifest: 
  No manifest

Lockfile: 
  No lockfile
